<?xml version="1.0" encoding="UTF-8"?>
<!-- Generated by org.testng.reporters.JUnitXMLReporter -->
<testsuite hostname="LAPTOP-0QUJ47N9" ignored="2" name="Default test(failed)" tests="1" failures="1" timestamp="10 Nov 2021 15:56:17 GMT" time="0.06" errors="0">
  <testcase name="enterUsername" time="0.019" classname="org.testng.MainClass">
    <failure type="java.lang.NullPointerException">
      <![CDATA[java.lang.NullPointerException
... Removed 26 stack frames]]>
    </failure>
  </testcase> <!-- enterUsername -->
  <testcase name="launchBrowser" time="0.0" classname="org.testng.MainClass">
    <ignored/>
  </testcase> <!-- launchBrowser -->
  <testcase name="launchUrl" time="0.0" classname="org.testng.MainClass">
    <ignored/>
  </testcase> <!-- launchUrl -->
</testsuite> <!-- Default test(failed) -->
