<?xml version="1.0" encoding="UTF-8"?>
<!-- Generated by org.testng.reporters.JUnitXMLReporter -->
<testsuite hostname="LAPTOP-0QUJ47N9" ignored="2" name="Default test" tests="2" failures="0" timestamp="10 Nov 2021 16:20:49 GMT" time="4.315" errors="0">
  <testcase name="launchBrowser" time="3.011" classname="org.testng.MainClass"/>
  <testcase name="launchUrl" time="1.255" classname="org.testng.MainClass"/>
  <testcase name="enterUsername" time="0.0" classname="org.testng.MainClass">
    <ignored/>
  </testcase> <!-- enterUsername -->
  <testcase name="enterPassword" time="0.0" classname="org.testng.MainClass">
    <ignored/>
  </testcase> <!-- enterPassword -->
</testsuite> <!-- Default test -->
