<?xml version="1.0" encoding="UTF-8"?>
<!-- Generated by org.testng.reporters.JUnitXMLReporter -->
<testsuite hostname="LAPTOP-0QUJ47N9" ignored="0" name="Test" tests="4" failures="0" timestamp="10 Nov 2021 16:12:48 GMT" time="5.227" errors="0">
  <testcase name="launchBrowser" time="3.016" classname="org.testng.MainClass"/>
  <testcase name="launchUrl" time="1.763" classname="org.testng.MainClass"/>
  <testcase name="enterUsername" time="0.205" classname="org.testng.MainClass"/>
  <testcase name="enterPassword" time="0.182" classname="org.testng.MainClass"/>
</testsuite> <!-- Test -->
