<?xml version="1.0" encoding="UTF-8"?>
<testng-results skipped="0" failed="0" ignored="2" total="4" passed="2">
  <reporter-output>
  </reporter-output>
  <suite name="Default suite" duration-ms="4315" started-at="2021-11-10T16:20:45Z" finished-at="2021-11-10T16:20:49Z">
    <groups>
    </groups>
    <test name="Default test" duration-ms="4315" started-at="2021-11-10T16:20:45Z" finished-at="2021-11-10T16:20:49Z">
      <class name="org.testng.MainClass">
        <test-method status="PASS" signature="launchBrowser()[pri:0, instance:org.testng.MainClass@343f4d3d]" name="launchBrowser" duration-ms="3011" started-at="2021-11-10T16:20:45Z" finished-at="2021-11-10T16:20:48Z">
          <reporter-output>
          </reporter-output>
        </test-method> <!-- launchBrowser -->
        <test-method status="PASS" signature="launchUrl()[pri:1, instance:org.testng.MainClass@343f4d3d]" name="launchUrl" duration-ms="1255" started-at="2021-11-10T16:20:48Z" finished-at="2021-11-10T16:20:49Z">
          <reporter-output>
          </reporter-output>
        </test-method> <!-- launchUrl -->
      </class> <!-- org.testng.MainClass -->
    </test> <!-- Default test -->
  </suite> <!-- Default suite -->
</testng-results>
